rider-app/build/intermediates/manifest_merge_blame_file/debug/processDebugMainManifest/manifest-merger-blame-debug-report.txt
1<?xml version="1.0" encoding="utf-8"?>
2<manifest xmlns:android="http://schemas.android.com/apk/res/android"
3    package="com.noor.khabarlagbe.rider"
4    android:versionCode="1"
5    android:versionName="1.0" >
6
7    <uses-sdk
8        android:minSdkVersion="24"
9        android:targetSdkVersion="35" />
10
11    <uses-permission android:name="android.permission.INTERNET" />
11-->src/main/AndroidManifest.xml:4:5-67
11-->src/main/AndroidManifest.xml:4:22-64
12    <uses-permission android:name="android.permission.ACCESS_FINE_LOCATION" />
12-->src/main/AndroidManifest.xml:5:5-79
12-->src/main/AndroidManifest.xml:5:22-76
13    <uses-permission android:name="android.permission.ACCESS_COARSE_LOCATION" />
13-->src/main/AndroidManifest.xml:6:5-81
13-->src/main/AndroidManifest.xml:6:22-78
14    <uses-permission android:name="android.permission.ACCESS_BACKGROUND_LOCATION" />
14-->src/main/AndroidManifest.xml:7:5-85
14-->src/main/AndroidManifest.xml:7:22-82
15    <uses-permission android:name="android.permission.FOREGROUND_SERVICE" />
15-->src/main/AndroidManifest.xml:8:5-77
15-->src/main/AndroidManifest.xml:8:22-74
16    <uses-permission android:name="android.permission.FOREGROUND_SERVICE_LOCATION" />
16-->src/main/AndroidManifest.xml:9:5-86
16-->src/main/AndroidManifest.xml:9:22-83
17    <uses-permission android:name="android.permission.POST_NOTIFICATIONS" />
17-->src/main/AndroidManifest.xml:10:5-77
17-->src/main/AndroidManifest.xml:10:22-74
18    <uses-permission android:name="android.permission.VIBRATE" />
18-->src/main/AndroidManifest.xml:11:5-66
18-->src/main/AndroidManifest.xml:11:22-63
19    <uses-permission android:name="android.permission.CALL_PHONE" />
19-->src/main/AndroidManifest.xml:12:5-69
19-->src/main/AndroidManifest.xml:12:22-66
20    <uses-permission android:name="android.permission.CAMERA" />
20-->src/main/AndroidManifest.xml:13:5-65
20-->src/main/AndroidManifest.xml:13:22-62
21    <uses-permission android:name="android.permission.READ_EXTERNAL_STORAGE" />
21-->src/main/AndroidManifest.xml:14:5-80
21-->src/main/AndroidManifest.xml:14:22-77
22    <uses-permission android:name="android.permission.WRITE_EXTERNAL_STORAGE" />
22-->src/main/AndroidManifest.xml:15:5-81
22-->src/main/AndroidManifest.xml:15:22-78
23    <uses-permission android:name="android.permission.ACCESS_NETWORK_STATE" />
23-->[com.google.firebase:firebase-auth:23.1.0] AndroidManifest.xml:26:5-79
23-->[com.google.firebase:firebase-auth:23.1.0] AndroidManifest.xml:26:22-76
24    <uses-permission android:name="android.permission.WAKE_LOCK" /> <!-- Required by older versions of Google Play services to create IID tokens -->
24-->[com.google.firebase:firebase-messaging:24.1.0] AndroidManifest.xml:24:5-68
24-->[com.google.firebase:firebase-messaging:24.1.0] AndroidManifest.xml:24:22-65
25    <uses-permission android:name="com.google.android.c2dm.permission.RECEIVE" />
25-->[com.google.firebase:firebase-messaging:24.1.0] AndroidManifest.xml:26:5-82
25-->[com.google.firebase:firebase-messaging:24.1.0] AndroidManifest.xml:26:22-79
26    <uses-permission android:name="com.google.android.providers.gsf.permission.READ_GSERVICES" />
26-->[com.google.android.recaptcha:recaptcha:18.5.1] AndroidManifest.xml:9:5-98
26-->[com.google.android.recaptcha:recaptcha:18.5.1] AndroidManifest.xml:9:22-95
27
28    <permission
28-->[androidx.core:core:1.15.0] AndroidManifest.xml:22:5-24:47
29        android:name="com.noor.khabarlagbe.rider.DYNAMIC_RECEIVER_NOT_EXPORTED_PERMISSION"
29-->[androidx.core:core:1.15.0] AndroidManifest.xml:23:9-81
30        android:protectionLevel="signature" />
30-->[androidx.core:core:1.15.0] AndroidManifest.xml:24:9-44
31
32    <uses-permission android:name="com.noor.khabarlagbe.rider.DYNAMIC_RECEIVER_NOT_EXPORTED_PERMISSION" />
32-->[androidx.core:core:1.15.0] AndroidManifest.xml:26:5-97
32-->[androidx.core:core:1.15.0] AndroidManifest.xml:26:22-94
33
34    <application
34-->src/main/AndroidManifest.xml:17:5-53:19
35        android:name="com.noor.khabarlagbe.rider.RiderApplication"
35-->src/main/AndroidManifest.xml:18:9-41
36        android:allowBackup="true"
36-->src/main/AndroidManifest.xml:19:9-35
37        android:appComponentFactory="androidx.core.app.CoreComponentFactory"
37-->[androidx.core:core:1.15.0] AndroidManifest.xml:28:18-86
38        android:debuggable="true"
39        android:extractNativeLibs="false"
40        android:icon="@mipmap/ic_launcher"
40-->src/main/AndroidManifest.xml:20:9-43
41        android:label="@string/app_name"
41-->src/main/AndroidManifest.xml:21:9-41
42        android:roundIcon="@mipmap/ic_launcher_round"
42-->src/main/AndroidManifest.xml:22:9-54
43        android:supportsRtl="true"
43-->src/main/AndroidManifest.xml:23:9-35
44        android:theme="@style/Theme.KhabarLagbe.Rider"
44-->src/main/AndroidManifest.xml:24:9-55
45        android:usesCleartextTraffic="true" >
45-->src/main/AndroidManifest.xml:25:9-44
46        <activity
46-->src/main/AndroidManifest.xml:27:9-35:20
47            android:name="com.noor.khabarlagbe.rider.MainActivity"
47-->src/main/AndroidManifest.xml:28:13-41
48            android:exported="true"
48-->src/main/AndroidManifest.xml:29:13-36
49            android:theme="@style/Theme.KhabarLagbe.Rider" >
49-->src/main/AndroidManifest.xml:30:13-59
50            <intent-filter>
50-->src/main/AndroidManifest.xml:31:13-34:29
51                <action android:name="android.intent.action.MAIN" />
51-->src/main/AndroidManifest.xml:32:17-69
51-->src/main/AndroidManifest.xml:32:25-66
52
53                <category android:name="android.intent.category.LAUNCHER" />
53-->src/main/AndroidManifest.xml:33:17-77
53-->src/main/AndroidManifest.xml:33:27-74
54            </intent-filter>
55        </activity>
56
57        <!-- Location Tracking Service -->
58        <service
58-->src/main/AndroidManifest.xml:38:9-42:56
59            android:name="com.noor.khabarlagbe.rider.service.LocationService"
59-->src/main/AndroidManifest.xml:39:13-52
60            android:enabled="true"
60-->src/main/AndroidManifest.xml:40:13-35
61            android:exported="false"
61-->src/main/AndroidManifest.xml:41:13-37
62            android:foregroundServiceType="location" />
62-->src/main/AndroidManifest.xml:42:13-53
63
64        <!-- Order Notification Service -->
65        <service
65-->src/main/AndroidManifest.xml:45:9-51:19
66            android:name="com.noor.khabarlagbe.rider.service.OrderNotificationService"
66-->src/main/AndroidManifest.xml:46:13-61
67            android:exported="false" >
67-->src/main/AndroidManifest.xml:47:13-37
68            <intent-filter>
68-->src/main/AndroidManifest.xml:48:13-50:29
69                <action android:name="com.google.firebase.MESSAGING_EVENT" />
69-->src/main/AndroidManifest.xml:49:17-78
69-->src/main/AndroidManifest.xml:49:25-75
70            </intent-filter>
71        </service>
72        <service
72-->[com.google.firebase:firebase-auth-ktx:23.1.0] AndroidManifest.xml:8:9-14:19
73            android:name="com.google.firebase.components.ComponentDiscoveryService"
73-->[com.google.firebase:firebase-auth-ktx:23.1.0] AndroidManifest.xml:9:13-84
74            android:directBootAware="true"
74-->[com.google.firebase:firebase-common:21.0.0] AndroidManifest.xml:32:13-43
75            android:exported="false" >
75-->[com.google.firebase:firebase-auth-ktx:23.1.0] AndroidManifest.xml:10:13-37
76            <meta-data
76-->[com.google.firebase:firebase-auth-ktx:23.1.0] AndroidManifest.xml:11:13-13:85
77                android:name="com.google.firebase.components:com.google.firebase.auth.ktx.FirebaseAuthLegacyRegistrar"
77-->[com.google.firebase:firebase-auth-ktx:23.1.0] AndroidManifest.xml:12:17-119
78                android:value="com.google.firebase.components.ComponentRegistrar" />
78-->[com.google.firebase:firebase-auth-ktx:23.1.0] AndroidManifest.xml:13:17-82
79            <meta-data
79-->[com.google.firebase:firebase-auth:23.1.0] AndroidManifest.xml:69:13-71:85
80                android:name="com.google.firebase.components:com.google.firebase.auth.FirebaseAuthRegistrar"
80-->[com.google.firebase:firebase-auth:23.1.0] AndroidManifest.xml:70:17-109
81                android:value="com.google.firebase.components.ComponentRegistrar" />
81-->[com.google.firebase:firebase-auth:23.1.0] AndroidManifest.xml:71:17-82
82            <meta-data
82-->[com.google.firebase:firebase-storage-ktx:21.0.1] AndroidManifest.xml:12:13-14:85
83                android:name="com.google.firebase.components:com.google.firebase.storage.ktx.FirebaseStorageLegacyRegistrar"
83-->[com.google.firebase:firebase-storage-ktx:21.0.1] AndroidManifest.xml:13:17-125
84                android:value="com.google.firebase.components.ComponentRegistrar" />
84-->[com.google.firebase:firebase-storage-ktx:21.0.1] AndroidManifest.xml:14:17-82
85            <meta-data
85-->[com.google.firebase:firebase-firestore-ktx:25.1.1] AndroidManifest.xml:12:13-14:85
86                android:name="com.google.firebase.components:com.google.firebase.firestore.ktx.FirebaseFirestoreLegacyRegistrar"
86-->[com.google.firebase:firebase-firestore-ktx:25.1.1] AndroidManifest.xml:13:17-129
87                android:value="com.google.firebase.components.ComponentRegistrar" />
87-->[com.google.firebase:firebase-firestore-ktx:25.1.1] AndroidManifest.xml:14:17-82
88            <meta-data
88-->[com.google.firebase:firebase-messaging-ktx:24.1.0] AndroidManifest.xml:26:13-28:85
89                android:name="com.google.firebase.components:com.google.firebase.messaging.ktx.FirebaseMessagingLegacyRegistrar"
89-->[com.google.firebase:firebase-messaging-ktx:24.1.0] AndroidManifest.xml:27:17-129
90                android:value="com.google.firebase.components.ComponentRegistrar" />
90-->[com.google.firebase:firebase-messaging-ktx:24.1.0] AndroidManifest.xml:28:17-82
91            <meta-data
91-->[com.google.firebase:firebase-storage:21.0.1] AndroidManifest.xml:30:13-32:85
92                android:name="com.google.firebase.components:com.google.firebase.storage.FirebaseStorageKtxRegistrar"
92-->[com.google.firebase:firebase-storage:21.0.1] AndroidManifest.xml:31:17-118
93                android:value="com.google.firebase.components.ComponentRegistrar" />
93-->[com.google.firebase:firebase-storage:21.0.1] AndroidManifest.xml:32:17-82
94            <meta-data
94-->[com.google.firebase:firebase-storage:21.0.1] AndroidManifest.xml:33:13-35:85
95                android:name="com.google.firebase.components:com.google.firebase.storage.StorageRegistrar"
95-->[com.google.firebase:firebase-storage:21.0.1] AndroidManifest.xml:34:17-107
96                android:value="com.google.firebase.components.ComponentRegistrar" />
96-->[com.google.firebase:firebase-storage:21.0.1] AndroidManifest.xml:35:17-82
97            <meta-data
97-->[com.google.firebase:firebase-firestore:25.1.1] AndroidManifest.xml:17:13-19:85
98                android:name="com.google.firebase.components:com.google.firebase.firestore.FirebaseFirestoreKtxRegistrar"
98-->[com.google.firebase:firebase-firestore:25.1.1] AndroidManifest.xml:18:17-122
99                android:value="com.google.firebase.components.ComponentRegistrar" />
99-->[com.google.firebase:firebase-firestore:25.1.1] AndroidManifest.xml:19:17-82
100            <meta-data
100-->[com.google.firebase:firebase-firestore:25.1.1] AndroidManifest.xml:20:13-22:85
101                android:name="com.google.firebase.components:com.google.firebase.firestore.FirestoreRegistrar"
101-->[com.google.firebase:firebase-firestore:25.1.1] AndroidManifest.xml:21:17-111
102                android:value="com.google.firebase.components.ComponentRegistrar" />
102-->[com.google.firebase:firebase-firestore:25.1.1] AndroidManifest.xml:22:17-82
103            <meta-data
103-->[com.google.firebase:firebase-messaging:24.1.0] AndroidManifest.xml:57:13-59:85
104                android:name="com.google.firebase.components:com.google.firebase.messaging.FirebaseMessagingKtxRegistrar"
104-->[com.google.firebase:firebase-messaging:24.1.0] AndroidManifest.xml:58:17-122
105                android:value="com.google.firebase.components.ComponentRegistrar" />
105-->[com.google.firebase:firebase-messaging:24.1.0] AndroidManifest.xml:59:17-82
106            <meta-data
106-->[com.google.firebase:firebase-messaging:24.1.0] AndroidManifest.xml:60:13-62:85
107                android:name="com.google.firebase.components:com.google.firebase.messaging.FirebaseMessagingRegistrar"
107-->[com.google.firebase:firebase-messaging:24.1.0] AndroidManifest.xml:61:17-119
108                android:value="com.google.firebase.components.ComponentRegistrar" />
108-->[com.google.firebase:firebase-messaging:24.1.0] AndroidManifest.xml:62:17-82
109            <meta-data
109-->[com.google.firebase:firebase-appcheck:18.0.0] AndroidManifest.xml:25:13-27:85
110                android:name="com.google.firebase.components:com.google.firebase.appcheck.FirebaseAppCheckKtxRegistrar"
110-->[com.google.firebase:firebase-appcheck:18.0.0] AndroidManifest.xml:26:17-120
111                android:value="com.google.firebase.components.ComponentRegistrar" />
111-->[com.google.firebase:firebase-appcheck:18.0.0] AndroidManifest.xml:27:17-82
112            <meta-data
112-->[com.google.firebase:firebase-appcheck:18.0.0] AndroidManifest.xml:28:13-30:85
113                android:name="com.google.firebase.components:com.google.firebase.appcheck.FirebaseAppCheckRegistrar"
113-->[com.google.firebase:firebase-appcheck:18.0.0] AndroidManifest.xml:29:17-117
114                android:value="com.google.firebase.components.ComponentRegistrar" />
114-->[com.google.firebase:firebase-appcheck:18.0.0] AndroidManifest.xml:30:17-82
115            <meta-data
115-->[com.google.firebase:firebase-installations:18.0.0] AndroidManifest.xml:15:13-17:85
116                android:name="com.google.firebase.components:com.google.firebase.installations.FirebaseInstallationsKtxRegistrar"
116-->[com.google.firebase:firebase-installations:18.0.0] AndroidManifest.xml:16:17-130
117                android:value="com.google.firebase.components.ComponentRegistrar" />
117-->[com.google.firebase:firebase-installations:18.0.0] AndroidManifest.xml:17:17-82
118            <meta-data
118-->[com.google.firebase:firebase-installations:18.0.0] AndroidManifest.xml:18:13-20:85
119                android:name="com.google.firebase.components:com.google.firebase.installations.FirebaseInstallationsRegistrar"
119-->[com.google.firebase:firebase-installations:18.0.0] AndroidManifest.xml:19:17-127
120                android:value="com.google.firebase.components.ComponentRegistrar" />
120-->[com.google.firebase:firebase-installations:18.0.0] AndroidManifest.xml:20:17-82
121            <meta-data
121-->[com.google.firebase:firebase-common-ktx:21.0.0] AndroidManifest.xml:12:13-14:85
122                android:name="com.google.firebase.components:com.google.firebase.ktx.FirebaseCommonLegacyRegistrar"
122-->[com.google.firebase:firebase-common-ktx:21.0.0] AndroidManifest.xml:13:17-116
123                android:value="com.google.firebase.components.ComponentRegistrar" />
123-->[com.google.firebase:firebase-common-ktx:21.0.0] AndroidManifest.xml:14:17-82
124            <meta-data
124-->[com.google.firebase:firebase-common:21.0.0] AndroidManifest.xml:35:13-37:85
125                android:name="com.google.firebase.components:com.google.firebase.FirebaseCommonKtxRegistrar"
125-->[com.google.firebase:firebase-common:21.0.0] AndroidManifest.xml:36:17-109
126                android:value="com.google.firebase.components.ComponentRegistrar" />
126-->[com.google.firebase:firebase-common:21.0.0] AndroidManifest.xml:37:17-82
127            <meta-data
127-->[com.google.firebase:firebase-datatransport:18.2.0] AndroidManifest.xml:25:13-27:85
128                android:name="com.google.firebase.components:com.google.firebase.datatransport.TransportRegistrar"
128-->[com.google.firebase:firebase-datatransport:18.2.0] AndroidManifest.xml:26:17-115
129                android:value="com.google.firebase.components.ComponentRegistrar" />
129-->[com.google.firebase:firebase-datatransport:18.2.0] AndroidManifest.xml:27:17-82
130        </service>
131
132        <activity
132-->[com.google.firebase:firebase-auth:23.1.0] AndroidManifest.xml:29:9-46:20
133            android:name="com.google.firebase.auth.internal.GenericIdpActivity"
133-->[com.google.firebase:firebase-auth:23.1.0] AndroidManifest.xml:30:13-80
134            android:excludeFromRecents="true"
134-->[com.google.firebase:firebase-auth:23.1.0] AndroidManifest.xml:31:13-46
135            android:exported="true"
135-->[com.google.firebase:firebase-auth:23.1.0] AndroidManifest.xml:32:13-36
136            android:launchMode="singleTask"
136-->[com.google.firebase:firebase-auth:23.1.0] AndroidManifest.xml:33:13-44
137            android:theme="@android:style/Theme.Translucent.NoTitleBar" >
137-->[com.google.firebase:firebase-auth:23.1.0] AndroidManifest.xml:34:13-72
138            <intent-filter>
138-->[com.google.firebase:firebase-auth:23.1.0] AndroidManifest.xml:35:13-45:29
139                <action android:name="android.intent.action.VIEW" />
139-->[com.google.firebase:firebase-auth:23.1.0] AndroidManifest.xml:36:17-69
139-->[com.google.firebase:firebase-auth:23.1.0] AndroidManifest.xml:36:25-66
140
141                <category android:name="android.intent.category.DEFAULT" />
141-->[com.google.firebase:firebase-auth:23.1.0] AndroidManifest.xml:38:17-76
141-->[com.google.firebase:firebase-auth:23.1.0] AndroidManifest.xml:38:27-73
142                <category android:name="android.intent.category.BROWSABLE" />
142-->[com.google.firebase:firebase-auth:23.1.0] AndroidManifest.xml:39:17-78
142-->[com.google.firebase:firebase-auth:23.1.0] AndroidManifest.xml:39:27-75
143
144                <data
144-->[com.google.firebase:firebase-auth:23.1.0] AndroidManifest.xml:41:17-44:51
145                    android:host="firebase.auth"
145-->[com.google.firebase:firebase-auth:23.1.0] AndroidManifest.xml:42:21-49
146                    android:path="/"
146-->[com.google.firebase:firebase-auth:23.1.0] AndroidManifest.xml:43:21-37
147                    android:scheme="genericidp" />
147-->[com.google.firebase:firebase-auth:23.1.0] AndroidManifest.xml:44:21-48
148            </intent-filter>
149        </activity>
150        <activity
150-->[com.google.firebase:firebase-auth:23.1.0] AndroidManifest.xml:47:9-64:20
151            android:name="com.google.firebase.auth.internal.RecaptchaActivity"
151-->[com.google.firebase:firebase-auth:23.1.0] AndroidManifest.xml:48:13-79
152            android:excludeFromRecents="true"
152-->[com.google.firebase:firebase-auth:23.1.0] AndroidManifest.xml:49:13-46
153            android:exported="true"
153-->[com.google.firebase:firebase-auth:23.1.0] AndroidManifest.xml:50:13-36
154            android:launchMode="singleTask"
154-->[com.google.firebase:firebase-auth:23.1.0] AndroidManifest.xml:51:13-44
155            android:theme="@android:style/Theme.Translucent.NoTitleBar" >
155-->[com.google.firebase:firebase-auth:23.1.0] AndroidManifest.xml:52:13-72
156            <intent-filter>
156-->[com.google.firebase:firebase-auth:23.1.0] AndroidManifest.xml:53:13-63:29
157                <action android:name="android.intent.action.VIEW" />
157-->[com.google.firebase:firebase-auth:23.1.0] AndroidManifest.xml:36:17-69
157-->[com.google.firebase:firebase-auth:23.1.0] AndroidManifest.xml:36:25-66
158
159                <category android:name="android.intent.category.DEFAULT" />
159-->[com.google.firebase:firebase-auth:23.1.0] AndroidManifest.xml:38:17-76
159-->[com.google.firebase:firebase-auth:23.1.0] AndroidManifest.xml:38:27-73
160                <category android:name="android.intent.category.BROWSABLE" />
160-->[com.google.firebase:firebase-auth:23.1.0] AndroidManifest.xml:39:17-78
160-->[com.google.firebase:firebase-auth:23.1.0] AndroidManifest.xml:39:27-75
161
162                <data
162-->[com.google.firebase:firebase-auth:23.1.0] AndroidManifest.xml:41:17-44:51
163                    android:host="firebase.auth"
163-->[com.google.firebase:firebase-auth:23.1.0] AndroidManifest.xml:42:21-49
164                    android:path="/"
164-->[com.google.firebase:firebase-auth:23.1.0] AndroidManifest.xml:43:21-37
165                    android:scheme="recaptcha" />
165-->[com.google.firebase:firebase-auth:23.1.0] AndroidManifest.xml:44:21-48
166            </intent-filter>
167        </activity>
168
169        <receiver
169-->[com.google.firebase:firebase-messaging:24.1.0] AndroidManifest.xml:29:9-40:20
170            android:name="com.google.firebase.iid.FirebaseInstanceIdReceiver"
170-->[com.google.firebase:firebase-messaging:24.1.0] AndroidManifest.xml:30:13-78
171            android:exported="true"
171-->[com.google.firebase:firebase-messaging:24.1.0] AndroidManifest.xml:31:13-36
172            android:permission="com.google.android.c2dm.permission.SEND" >
172-->[com.google.firebase:firebase-messaging:24.1.0] AndroidManifest.xml:32:13-73
173            <intent-filter>
173-->[com.google.firebase:firebase-messaging:24.1.0] AndroidManifest.xml:33:13-35:29
174                <action android:name="com.google.android.c2dm.intent.RECEIVE" />
174-->[com.google.firebase:firebase-messaging:24.1.0] AndroidManifest.xml:34:17-81
174-->[com.google.firebase:firebase-messaging:24.1.0] AndroidManifest.xml:34:25-78
175            </intent-filter>
176
177            <meta-data
177-->[com.google.firebase:firebase-messaging:24.1.0] AndroidManifest.xml:37:13-39:40
178                android:name="com.google.android.gms.cloudmessaging.FINISHED_AFTER_HANDLED"
178-->[com.google.firebase:firebase-messaging:24.1.0] AndroidManifest.xml:38:17-92
179                android:value="true" />
179-->[com.google.firebase:firebase-messaging:24.1.0] AndroidManifest.xml:39:17-37
180        </receiver>
181        <!--
182             FirebaseMessagingService performs security checks at runtime,
183             but set to not exported to explicitly avoid allowing another app to call it.
184        -->
185        <service
185-->[com.google.firebase:firebase-messaging:24.1.0] AndroidManifest.xml:46:9-53:19
186            android:name="com.google.firebase.messaging.FirebaseMessagingService"
186-->[com.google.firebase:firebase-messaging:24.1.0] AndroidManifest.xml:47:13-82
187            android:directBootAware="true"
187-->[com.google.firebase:firebase-messaging:24.1.0] AndroidManifest.xml:48:13-43
188            android:exported="false" >
188-->[com.google.firebase:firebase-messaging:24.1.0] AndroidManifest.xml:49:13-37
189            <intent-filter android:priority="-500" >
189-->src/main/AndroidManifest.xml:48:13-50:29
190                <action android:name="com.google.firebase.MESSAGING_EVENT" />
190-->src/main/AndroidManifest.xml:49:17-78
190-->src/main/AndroidManifest.xml:49:25-75
191            </intent-filter>
192        </service>
193
194        <provider
194-->[com.google.firebase:firebase-common:21.0.0] AndroidManifest.xml:23:9-28:39
195            android:name="com.google.firebase.provider.FirebaseInitProvider"
195-->[com.google.firebase:firebase-common:21.0.0] AndroidManifest.xml:24:13-77
196            android:authorities="com.noor.khabarlagbe.rider.firebaseinitprovider"
196-->[com.google.firebase:firebase-common:21.0.0] AndroidManifest.xml:25:13-72
197            android:directBootAware="true"
197-->[com.google.firebase:firebase-common:21.0.0] AndroidManifest.xml:26:13-43
198            android:exported="false"
198-->[com.google.firebase:firebase-common:21.0.0] AndroidManifest.xml:27:13-37
199            android:initOrder="100" />
199-->[com.google.firebase:firebase-common:21.0.0] AndroidManifest.xml:28:13-36
200
201        <service
201-->[androidx.room:room-runtime:2.6.1] AndroidManifest.xml:24:9-28:63
202            android:name="androidx.room.MultiInstanceInvalidationService"
202-->[androidx.room:room-runtime:2.6.1] AndroidManifest.xml:25:13-74
203            android:directBootAware="true"
203-->[androidx.room:room-runtime:2.6.1] AndroidManifest.xml:26:13-43
204            android:exported="false" />
204-->[androidx.room:room-runtime:2.6.1] AndroidManifest.xml:27:13-37
205
206        <activity
206-->[androidx.compose.ui:ui-test-manifest:1.7.2] AndroidManifest.xml:23:9-25:39
207            android:name="androidx.activity.ComponentActivity"
207-->[androidx.compose.ui:ui-test-manifest:1.7.2] AndroidManifest.xml:24:13-63
208            android:exported="true" />
208-->[androidx.compose.ui:ui-test-manifest:1.7.2] AndroidManifest.xml:25:13-36
209
210        <provider
210-->[androidx.emoji2:emoji2:1.3.0] AndroidManifest.xml:24:9-32:20
211            android:name="androidx.startup.InitializationProvider"
211-->[androidx.emoji2:emoji2:1.3.0] AndroidManifest.xml:25:13-67
212            android:authorities="com.noor.khabarlagbe.rider.androidx-startup"
212-->[androidx.emoji2:emoji2:1.3.0] AndroidManifest.xml:26:13-68
213            android:exported="false" >
213-->[androidx.emoji2:emoji2:1.3.0] AndroidManifest.xml:27:13-37
214            <meta-data
214-->[androidx.emoji2:emoji2:1.3.0] AndroidManifest.xml:29:13-31:52
215                android:name="androidx.emoji2.text.EmojiCompatInitializer"
215-->[androidx.emoji2:emoji2:1.3.0] AndroidManifest.xml:30:17-75
216                android:value="androidx.startup" />
216-->[androidx.emoji2:emoji2:1.3.0] AndroidManifest.xml:31:17-49
217            <meta-data
217-->[androidx.lifecycle:lifecycle-process:2.8.7] AndroidManifest.xml:29:13-31:52
218                android:name="androidx.lifecycle.ProcessLifecycleInitializer"
218-->[androidx.lifecycle:lifecycle-process:2.8.7] AndroidManifest.xml:30:17-78
219                android:value="androidx.startup" />
219-->[androidx.lifecycle:lifecycle-process:2.8.7] AndroidManifest.xml:31:17-49
220            <meta-data
220-->[androidx.profileinstaller:profileinstaller:1.3.1] AndroidManifest.xml:29:13-31:52
221                android:name="androidx.profileinstaller.ProfileInstallerInitializer"
221-->[androidx.profileinstaller:profileinstaller:1.3.1] AndroidManifest.xml:30:17-85
222                android:value="androidx.startup" />
222-->[androidx.profileinstaller:profileinstaller:1.3.1] AndroidManifest.xml:31:17-49
223        </provider>
224
225        <service
225-->[androidx.credentials:credentials-play-services-auth:1.2.0-rc01] AndroidManifest.xml:24:9-32:19
226            android:name="androidx.credentials.playservices.CredentialProviderMetadataHolder"
226-->[androidx.credentials:credentials-play-services-auth:1.2.0-rc01] AndroidManifest.xml:25:13-94
227            android:enabled="true"
227-->[androidx.credentials:credentials-play-services-auth:1.2.0-rc01] AndroidManifest.xml:26:13-35
228            android:exported="false" >
228-->[androidx.credentials:credentials-play-services-auth:1.2.0-rc01] AndroidManifest.xml:27:13-37
229            <meta-data
229-->[androidx.credentials:credentials-play-services-auth:1.2.0-rc01] AndroidManifest.xml:29:13-31:104
230                android:name="androidx.credentials.CREDENTIAL_PROVIDER_KEY"
230-->[androidx.credentials:credentials-play-services-auth:1.2.0-rc01] AndroidManifest.xml:30:17-76
231                android:value="androidx.credentials.playservices.CredentialProviderPlayServicesImpl" />
231-->[androidx.credentials:credentials-play-services-auth:1.2.0-rc01] AndroidManifest.xml:31:17-101
232        </service>
233
234        <activity
234-->[androidx.credentials:credentials-play-services-auth:1.2.0-rc01] AndroidManifest.xml:34:9-41:20
235            android:name="androidx.credentials.playservices.HiddenActivity"
235-->[androidx.credentials:credentials-play-services-auth:1.2.0-rc01] AndroidManifest.xml:35:13-76
236            android:configChanges="orientation|screenSize|screenLayout|keyboardHidden"
236-->[androidx.credentials:credentials-play-services-auth:1.2.0-rc01] AndroidManifest.xml:36:13-87
237            android:enabled="true"
237-->[androidx.credentials:credentials-play-services-auth:1.2.0-rc01] AndroidManifest.xml:37:13-35
238            android:exported="false"
238-->[androidx.credentials:credentials-play-services-auth:1.2.0-rc01] AndroidManifest.xml:38:13-37
239            android:fitsSystemWindows="true"
239-->[androidx.credentials:credentials-play-services-auth:1.2.0-rc01] AndroidManifest.xml:39:13-45
240            android:theme="@style/Theme.Hidden" >
240-->[androidx.credentials:credentials-play-services-auth:1.2.0-rc01] AndroidManifest.xml:40:13-48
241        </activity>
242        <activity
242-->[com.google.android.gms:play-services-auth:20.7.0] AndroidManifest.xml:23:9-27:75
243            android:name="com.google.android.gms.auth.api.signin.internal.SignInHubActivity"
243-->[com.google.android.gms:play-services-auth:20.7.0] AndroidManifest.xml:24:13-93
244            android:excludeFromRecents="true"
244-->[com.google.android.gms:play-services-auth:20.7.0] AndroidManifest.xml:25:13-46
245            android:exported="false"
245-->[com.google.android.gms:play-services-auth:20.7.0] AndroidManifest.xml:26:13-37
246            android:theme="@android:style/Theme.Translucent.NoTitleBar" />
246-->[com.google.android.gms:play-services-auth:20.7.0] AndroidManifest.xml:27:13-72
247        <!--
248            Service handling Google Sign-In user revocation. For apps that do not integrate with
249            Google Sign-In, this service will never be started.
250        -->
251        <service
251-->[com.google.android.gms:play-services-auth:20.7.0] AndroidManifest.xml:33:9-37:51
252            android:name="com.google.android.gms.auth.api.signin.RevocationBoundService"
252-->[com.google.android.gms:play-services-auth:20.7.0] AndroidManifest.xml:34:13-89
253            android:exported="true"
253-->[com.google.android.gms:play-services-auth:20.7.0] AndroidManifest.xml:35:13-36
254            android:permission="com.google.android.gms.auth.api.signin.permission.REVOCATION_NOTIFICATION"